Arguments: 
  /usr/local/bin/node /usr/local/bin/yarn install

PATH: 
  /usr/local/bin:/usr/bin:/bin:/usr/sbin:/sbin:/usr/local/git/bin

Yarn version: 
  0.20.3

Node version: 
  6.2.1

Platform: 
  darwin x64

npm manifest: 
  {
    "name": "koa-start-kit",
    "version": "1.0.1",
    "author": "Yoocky",
    "scripts": {
      "start": "gulp dev",
      "build": "gulp build",
      "clean": "gulp clean"
    },
    "engines": {
      "node": ">= 4"
    },
    "dependencies": {
      "babel-cli": "^6.7.7",
      "babel-core": "^6.7.7",
      "babel-plugin-add-module-exports": "^0.2.1",
      "babel-plugin-transform-runtime": "^6.8.0",
      "babel-preset-es2015": "^6.6.0",
      "babel-preset-stage-3": "^6.5.0",
      "babel-runtime": "^6.6.1",
      "browserify": "^13.0.1",
      "jquery": "^3.1.0",
      "koa": "^2.0.0",
      "koa-bodyparser": "^2.0.1",
      "koa-convert": "^1.2.0",
      "koa-json": "^1.1.1",
      "koa-logger": "^1.3.0",
      "koa-onerror": "^1.3.1",
      "koa-pug": "^3.0.0-1",
      "koa-router": "^7.0.0",
      "koa-static-plus": "^0.1.1",
      "koa-views": "^5.0.1"
    },
    "devDependencies": {
      "babel-eslint": "^6.0.4",
      "babelify": "^7.3.0",
      "browser-sync": "^2.13.0",
      "chokidar": "^1.5.1",
      "colors": "^1.1.2",
      "eslint": "^2.11.1",
      "eslint-config-standard": "^5.2.0",
      "eslint-plugin-promise": "^1.3.1",
      "eslint-plugin-standard": "^1.3.2",
      "glob": "^7.0.5",
      "gulp": "^3.9.1",
      "gulp-babel": "^6.1.2",
      "gulp-define-module": "^0.1.4",
      "gulp-imagemin": "^3.0.1",
      "gulp-install": "^0.6.0",
      "gulp-less": "^3.1.0",
      "gulp-nodemon": "^2.1.0",
      "gulp-uglyfly": "^1.4.2",
      "gulp-watch": "^4.3.8",
      "gulp-zip": "^3.2.0",
      "hygienist-middleware": "^0.1.1",
      "imagemin-pngquant": "^5.0.0",
      "less-plugin-autoprefix": "^1.5.1",
      "less-plugin-clean-css": "^1.5.1",
      "run-sequence": "^1.2.2",
      "vinyl-buffer": "^1.0.0",
      "vinyl-source-stream": "^1.1.0"
    },
    "license": "MIT"
  }

yarn manifest: 
  No manifest

Lockfile: 
  No lockfile

Trace: 
  Error: connect ETIMEDOUT 172.24.242.18:7001
      at Object.exports._errnoException (util.js:1007:11)
      at exports._exceptionWithHostPort (util.js:1030:20)
      at TCPConnectWrap.afterConnect [as oncomplete] (net.js:1080:14)
